0 info it worked if it ends with ok
1 verbose cli [ '/usr/bin/nodejs', '/usr/bin/npm', 'run', 'prepublish' ]
2 info using npm@3.10.8
3 info using node@v6.9.1
4 verbose run-script [ 'prepublish' ]
5 info lifecycle stf-angular-select@0.8.1~prepublish: stf-angular-select@0.8.1
6 verbose lifecycle stf-angular-select@0.8.1~prepublish: unsafe-perm in lifecycle true
7 verbose lifecycle stf-angular-select@0.8.1~prepublish: PATH: /usr/lib/node_modules/npm/bin/node-gyp-bin:/home/andrey/sites/stf-select/node_modules/.bin:/home/andrey/bin:/home/andrey/.local/bin:/home/andrey/bin:/home/andrey/.local/bin:/usr/local/sbin:/usr/local/bin:/usr/sbin:/usr/bin:/sbin:/bin:/usr/games:/usr/local/games:/snap/bin:/snap/bin
8 verbose lifecycle stf-angular-select@0.8.1~prepublish: CWD: /home/andrey/sites/stf-select
9 silly lifecycle stf-angular-select@0.8.1~prepublish: Args: [ '-c', 'tsc' ]
10 silly lifecycle stf-angular-select@0.8.1~prepublish: Returned: code: 2  signal: null
11 info lifecycle stf-angular-select@0.8.1~prepublish: Failed to exec prepublish script
12 verbose stack Error: stf-angular-select@0.8.1 prepublish: `tsc`
12 verbose stack Exit status 2
12 verbose stack     at EventEmitter.<anonymous> (/usr/lib/node_modules/npm/lib/utils/lifecycle.js:255:16)
12 verbose stack     at emitTwo (events.js:106:13)
12 verbose stack     at EventEmitter.emit (events.js:191:7)
12 verbose stack     at ChildProcess.<anonymous> (/usr/lib/node_modules/npm/lib/utils/spawn.js:40:14)
12 verbose stack     at emitTwo (events.js:106:13)
12 verbose stack     at ChildProcess.emit (events.js:191:7)
12 verbose stack     at maybeClose (internal/child_process.js:877:16)
12 verbose stack     at Process.ChildProcess._handle.onexit (internal/child_process.js:226:5)
13 verbose pkgid stf-angular-select@0.8.1
14 verbose cwd /home/andrey/sites/stf-select
15 error Linux 4.4.0-45-generic
16 error argv "/usr/bin/nodejs" "/usr/bin/npm" "run" "prepublish"
17 error node v6.9.1
18 error npm  v3.10.8
19 error code ELIFECYCLE
20 error stf-angular-select@0.8.1 prepublish: `tsc`
20 error Exit status 2
21 error Failed at the stf-angular-select@0.8.1 prepublish script 'tsc'.
21 error Make sure you have the latest version of node.js and npm installed.
21 error If you do, this is most likely a problem with the stf-angular-select package,
21 error not with npm itself.
21 error Tell the author that this fails on your system:
21 error     tsc
21 error You can get information on how to open an issue for this project with:
21 error     npm bugs stf-angular-select
21 error Or if that isn't available, you can get their info via:
21 error     npm owner ls stf-angular-select
21 error There is likely additional logging output above.
22 verbose exit [ 1, true ]
